<?xml version="1.0" encoding="UTF-8"?>
<testsuites name="jest tests" tests="42" failures="1" errors="0" time="10.095">
  <testsuite name="Button element module" errors="0" failures="0" skipped="0" timestamp="2022-10-26T00:43:16" time="5.593" tests="3">
    <testcase classname="Button element module renders empty string when undefined" name="Button element module renders empty string when undefined" time="0.043">
    </testcase>
    <testcase classname="Button element module renders empty string when innerText is null" name="Button element module renders empty string when innerText is null" time="0.001">
    </testcase>
    <testcase classname="Button element module renders button string when innerText is string" name="Button element module renders button string when innerText is string" time="0.002">
    </testcase>
  </testsuite>
  <testsuite name="Util method" errors="0" failures="0" skipped="0" timestamp="2022-10-26T00:43:15" time="5.96" tests="14">
    <testcase classname="Util method BuildText renders empty string when set is undefined" name="Util method BuildText renders empty string when set is undefined" time="0.004">
    </testcase>
    <testcase classname="Util method BuildText renders empty string when set is null" name="Util method BuildText renders empty string when set is null" time="0.001">
    </testcase>
    <testcase classname="Util method BuildText renders empty string when set is empty string" name="Util method BuildText renders empty string when set is empty string" time="0.001">
    </testcase>
    <testcase classname="Util method BuildText renders empty string when set isempty array" name="Util method BuildText renders empty string when set isempty array" time="0.001">
    </testcase>
    <testcase classname="Util method BuildText renders empty string when set it empty string" name="Util method BuildText renders empty string when set it empty string" time="0">
    </testcase>
    <testcase classname="Util method BuildText renders items of array" name="Util method BuildText renders items of array" time="0.001">
    </testcase>
    <testcase classname="Util method BuildText renders items of array with prefix" name="Util method BuildText renders items of array with prefix" time="0">
    </testcase>
    <testcase classname="Util method BuildText renders item of string with suffix" name="Util method BuildText renders item of string with suffix" time="0.001">
    </testcase>
    <testcase classname="Util method booleanProperty renders value when condition succeeds" name="Util method booleanProperty renders value when condition succeeds" time="0">
    </testcase>
    <testcase classname="Util method booleanProperty renders empty string  when condition fails" name="Util method booleanProperty renders empty string  when condition fails" time="0.001">
    </testcase>
    <testcase classname="Util method MakeAttributes creates html-string attributes from object" name="Util method MakeAttributes creates html-string attributes from object" time="0.01">
    </testcase>
    <testcase classname="Util method ArrayToString creates a deduplicated string from an array" name="Util method ArrayToString creates a deduplicated string from an array" time="0.001">
    </testcase>
    <testcase classname="Util method DeepFreeze freezes and object completely" name="Util method DeepFreeze freezes and object completely" time="0.001">
    </testcase>
    <testcase classname="Util method randomInt freezes and object completely" name="Util method randomInt freezes and object completely" time="0.002">
    </testcase>
  </testsuite>
  <testsuite name="Choice element module" errors="0" failures="0" skipped="0" timestamp="2022-10-26T00:43:16" time="5.842" tests="9">
    <testcase classname="Choice element module renders empty string when undefined" name="Choice element module renders empty string when undefined" time="0.003">
    </testcase>
    <testcase classname="Choice element module renders html-string of choice field" name="Choice element module renders html-string of choice field" time="0.001">
    </testcase>
    <testcase classname="Choice element module renders html-string of choice field with classing" name="Choice element module renders html-string of choice field with classing" time="0.004">
    </testcase>
    <testcase classname="Choice element module renders html-string of class" name="Choice element module renders html-string of class" time="0.001">
    </testcase>
    <testcase classname="Choice element module removes # from id string and replaces it" name="Choice element module removes # from id string and replaces it" time="0.001">
    </testcase>
    <testcase classname="Choice element module does not render when missing label" name="Choice element module does not render when missing label" time="0">
    </testcase>
    <testcase classname="Choice element module does not render when missing id" name="Choice element module does not render when missing id" time="0.001">
    </testcase>
    <testcase classname="Choice element module returns an option html-string when type is option" name="Choice element module returns an option html-string when type is option" time="0">
    </testcase>
    <testcase classname="Choice element module returns an option html-string when type is an option" name="Choice element module returns an option html-string when type is an option" time="0.277">
    </testcase>
  </testsuite>
  <testsuite name="Footer element module" errors="0" failures="0" skipped="0" timestamp="2022-10-26T00:43:16" time="6.101" tests="3">
    <testcase classname="Footer element module loads footer still when no data provided" name="Footer element module loads footer still when no data provided" time="0.02">
    </testcase>
    <testcase classname="Footer element module loads footer element" name="Footer element module loads footer element" time="0.001">
    </testcase>
    <testcase classname="Footer element module loads footer element without heading" name="Footer element module loads footer element without heading" time="0.001">
    </testcase>
  </testsuite>
  <testsuite name="Header element module" errors="0" failures="0" skipped="0" timestamp="2022-10-26T00:43:15" time="6.644" tests="2">
    <testcase classname="Header element module loads empty string when no data provided" name="Header element module loads empty string when no data provided" time="0.012">
    </testcase>
    <testcase classname="Header element module loads header element" name="Header element module loads header element" time="0.002">
    </testcase>
  </testsuite>
  <testsuite name="Icon element module" errors="0" failures="0" skipped="0" timestamp="2022-10-26T00:43:15" time="6.898" tests="4">
    <testcase classname="Icon element module renders empty string when svgIconId is undefined" name="Icon element module renders empty string when svgIconId is undefined" time="0.013">
    </testcase>
    <testcase classname="Icon element module renders empty string when svgIconId is null" name="Icon element module renders empty string when svgIconId is null" time="0.001">
    </testcase>
    <testcase classname="Icon element module renders icom string when svgIconId is reference" name="Icon element module renders icom string when svgIconId is reference" time="0.001">
    </testcase>
    <testcase classname="Icon element module renders icon string when svgIconId is id reference" name="Icon element module renders icon string when svgIconId is id reference" time="0">
    </testcase>
  </testsuite>
  <testsuite name="Icon element module" errors="0" failures="0" skipped="0" timestamp="2022-10-26T00:43:15" time="6.992" tests="3">
    <testcase classname="Icon element module empty string if args are undefined" name="Icon element module empty string if args are undefined" time="0.003">
    </testcase>
    <testcase classname="Icon element module fieldset group" name="Icon element module fieldset group" time="0.001">
    </testcase>
    <testcase classname="Icon element module div group" name="Icon element module div group" time="0.001">
    </testcase>
  </testsuite>
  <testsuite name="Icon element module" errors="0" failures="1" skipped="0" timestamp="2022-10-26T00:43:15" time="7.198" tests="3">
    <testcase classname="Icon element module empty string if args are undefined" name="Icon element module empty string if args are undefined" time="0.005">
    </testcase>
    <testcase classname="Icon element module shows label test" name="Icon element module shows label test" time="0.002">
    </testcase>
    <testcase classname="Icon element module shows no # in for" name="Icon element module shows no # in for" time="0.004">
      <failure>Error: expect(received).toContain(expected) // indexOf

Expected substring: &quot;for=\&quot;test-1\&quot;&quot;
Received string:    &quot;
        &lt;label
          class=\&quot;input\&quot; data-disabled=\&quot;false\&quot; data-type=\&quot;text\&quot; for=\&quot;text-bubble\&quot;&gt;···········
        &lt;svg
          class=\&quot;icon\&quot; focusable=\&quot;false\&quot; role=\&quot;img\&quot;
        &gt;
          &lt;use xlink:href=\&quot;#text-bubble\&quot; /&gt;
        &lt;/svg&gt;·······
          &lt;span class=\&quot;label\&quot;&gt;text content&lt;/span&gt;
          &lt;input
            class=\&quot;field\&quot; type=\&quot;text\&quot; label=\&quot;text content\&quot; id=\&quot;#test-1\&quot;·············
          /&gt;
        &lt;/label&gt;
      &quot;
    at Object.toContain (/Users/darcher/dev/apps/focus-follow/src/components/form-input/index.test.js:25:7)
    at Promise.then.completed (/Users/darcher/dev/apps/focus-follow/node_modules/jest-circus/build/utils.js:289:28)
    at new Promise (&lt;anonymous&gt;)
    at callAsyncCircusFn (/Users/darcher/dev/apps/focus-follow/node_modules/jest-circus/build/utils.js:222:10)
    at _callCircusTest (/Users/darcher/dev/apps/focus-follow/node_modules/jest-circus/build/run.js:248:40)
    at processTicksAndRejections (node:internal/process/task_queues:96:5)
    at _runTest (/Users/darcher/dev/apps/focus-follow/node_modules/jest-circus/build/run.js:184:3)
    at _runTestsForDescribeBlock (/Users/darcher/dev/apps/focus-follow/node_modules/jest-circus/build/run.js:86:9)
    at _runTestsForDescribeBlock (/Users/darcher/dev/apps/focus-follow/node_modules/jest-circus/build/run.js:81:9)
    at run (/Users/darcher/dev/apps/focus-follow/node_modules/jest-circus/build/run.js:26:3)
    at runAndTransformResultsToJestFormat (/Users/darcher/dev/apps/focus-follow/node_modules/jest-circus/build/legacy-code-todo-rewrite/jestAdapterInit.js:120:21)
    at jestAdapter (/Users/darcher/dev/apps/focus-follow/node_modules/jest-circus/build/legacy-code-todo-rewrite/jestAdapter.js:79:19)
    at runTestInternal (/Users/darcher/dev/apps/focus-follow/node_modules/jest-runner/build/runTest.js:367:16)
    at runTest (/Users/darcher/dev/apps/focus-follow/node_modules/jest-runner/build/runTest.js:444:34)
    at Object.worker (/Users/darcher/dev/apps/focus-follow/node_modules/jest-runner/build/testWorker.js:106:12)</failure>
    </testcase>
  </testsuite>
  <testsuite name="Root module" errors="0" failures="0" skipped="0" timestamp="2022-10-26T00:43:16" time="6.548" tests="1">
    <testcase classname="Root module App instance initializes" name="Root module App instance initializes" time="0.004">
    </testcase>
  </testsuite>
</testsuites>