<?xml version="1.0" encoding="UTF-8"?>
<testsuites name="jest tests" tests="4" failures="0" errors="0" time="0.559">
  <testsuite name="Footer" errors="0" failures="0" skipped="0" timestamp="2022-10-27T18:13:13" time="0.398" tests="4">
    <testcase classname="Footer Returns default footer" name="Footer Returns default footer" time="0.001">
    </testcase>
    <testcase classname="Footer Returns footer with childNode" name="Footer Returns footer with childNode" time="0">
    </testcase>
    <testcase classname="Footer Returns footer with custom class" name="Footer Returns footer with custom class" time="0">
    </testcase>
    <testcase classname="Footer Returns footer with additional attribute" name="Footer Returns footer with additional attribute" time="0">
    </testcase>
  </testsuite>
</testsuites>